Build started 8/1/2014 10:43:42 AM.
     1>Project "C:\Users\Luke\Documents\CPT 288\Assignments\6-InitialGameDemo\Muffin_Man\Muffin_Man\Muffin_Man\Muffin_Man.vcxproj" on node 2 (build target(s)).
     1>C:\Windows\Microsoft.NET\Framework\v4.0.30319\Microsoft.Common.Targets(1605,5): warning MSB3088: Could not read state file "Debug\Muffin_Man.vcxprojResolveAssemblyReference.cache". Exception has been thrown by the target of an invocation.
     1>InitializeBuildStatus:
         Creating "Debug\Muffin_Man.unsuccessfulbuild" because "AlwaysCreate" was specified.
       ClCompile:
         c:\Program Files (x86)\Microsoft Visual Studio 10.0\VC\bin\CL.exe /c /IC:\Allegro\include /ZI /nologo /W3 /WX- /Od /Oy- /D WIN32 /D _DEBUG /D _WINDOWS /D _UNICODE /D UNICODE /Gm /EHsc /RTC1 /MDd /GS /fp:precise /Zc:wchar_t /Zc:forScope /Fo"Debug\\" /Fd"Debug\vc100.pdb" /Gd /TP /analyze- /errorReport:prompt main.cpp
         main.cpp
         c:\Program Files (x86)\Microsoft Visual Studio 10.0\VC\bin\CL.exe /c /IC:\Allegro\include /ZI /nologo /W3 /WX- /Od /Oy- /D WIN32 /D _DEBUG /D _WINDOWS /D _UNICODE /D UNICODE /Gm /EHsc /RTC1 /MDd /GS /fp:precise /Zc:wchar_t /Zc:forScope /Fo"Debug\\" /Fd"Debug\vc100.pdb" /Gd /TC /analyze- /errorReport:prompt mappy_A5.c
         mappy_A5.c
     1>c:\users\luke\documents\cpt 288\assignments\6-initialgamedemo\muffin_man\muffin_man\muffin_man\mappy_a5.c(1526): warning C4996: 'strcpy': This function or variable may be unsafe. Consider using strcpy_s instead. To disable deprecation, use _CRT_SECURE_NO_WARNINGS. See online help for details.
                 c:\program files (x86)\microsoft visual studio 10.0\vc\include\string.h(105) : see declaration of 'strcpy'
       ManifestResourceCompile:
         All outputs are up-to-date.
       Link:
         c:\Program Files (x86)\Microsoft Visual Studio 10.0\VC\bin\link.exe /ERRORREPORT:PROMPT /OUT:"C:\Users\Luke\Documents\CPT 288\Assignments\6-InitialGameDemo\Muffin_Man\Muffin_Man\Debug\Muffin_Man.exe" /INCREMENTAL /NOLOGO /LIBPATH:C:\Allegro\lib "allegro-5.0.7-monolith-md-debug.lib" kernel32.lib user32.lib gdi32.lib winspool.lib comdlg32.lib advapi32.lib shell32.lib ole32.lib oleaut32.lib uuid.lib odbc32.lib odbccp32.lib kernel32.lib user32.lib gdi32.lib winspool.lib comdlg32.lib advapi32.lib shell32.lib ole32.lib oleaut32.lib uuid.lib odbc32.lib odbccp32.lib /MANIFEST /ManifestFile:"Debug\Muffin_Man.exe.intermediate.manifest" /MANIFESTUAC:"level='asInvoker' uiAccess='false'" /DEBUG /PDB:"C:\Users\Luke\Documents\CPT 288\Assignments\6-InitialGameDemo\Muffin_Man\Muffin_Man\Debug\Muffin_Man.pdb" /SUBSYSTEM:WINDOWS /TLBID:1 /DYNAMICBASE /NXCOMPAT /IMPLIB:"C:\Users\Luke\Documents\CPT 288\Assignments\6-InitialGameDemo\Muffin_Man\Muffin_Man\Debug\Muffin_Man.lib" /MACHINE:X86 Debug\Muffin_Man.exe.embed.manifest.res
         Debug\main.obj
         Debug\mappy_A5.obj
       Manifest:
         C:\Program Files (x86)\Microsoft SDKs\Windows\v7.0A\bin\mt.exe /nologo /verbose /out:"Debug\Muffin_Man.exe.embed.manifest" /manifest Debug\Muffin_Man.exe.intermediate.manifest
         All outputs are up-to-date.
       LinkEmbedManifest:
         All outputs are up-to-date.
         Muffin_Man.vcxproj -> C:\Users\Luke\Documents\CPT 288\Assignments\6-InitialGameDemo\Muffin_Man\Muffin_Man\Debug\Muffin_Man.exe
       FinalizeBuildStatus:
         Deleting file "Debug\Muffin_Man.unsuccessfulbuild".
         Touching "Debug\Muffin_Man.lastbuildstate".
     1>Done Building Project "C:\Users\Luke\Documents\CPT 288\Assignments\6-InitialGameDemo\Muffin_Man\Muffin_Man\Muffin_Man\Muffin_Man.vcxproj" (build target(s)).

Build succeeded.

Time Elapsed 00:00:03.86
